<?xml version="1.0" encoding="UTF-8"?>
<coverage generated="1669203457405" clover="3.2.0">
  <project timestamp="1669203457405" name="All files">
    <metrics statements="8" coveredstatements="2" conditionals="0" coveredconditionals="0" methods="7" coveredmethods="2" elements="15" coveredelements="4" complexity="0" loc="8" ncloc="8" packages="1" files="1" classes="1"/>
    <file name="LmsService.js" path="C:\Users\usapate\Documents\Documents\Bewaak\TOTAL PROJECT\bewaak-fe\src\services\LmsService.js">
      <metrics statements="8" coveredstatements="2" conditionals="0" coveredconditionals="0" methods="7" coveredmethods="2"/>
      <line num="7" count="0" type="stmt"/>
      <line num="8" count="0" type="stmt"/>
      <line num="12" count="0" type="stmt"/>
      <line num="15" count="5" type="stmt"/>
      <line num="19" count="2" type="stmt"/>
      <line num="22" count="0" type="stmt"/>
      <line num="25" count="0" type="stmt"/>
      <line num="28" count="0" type="stmt"/>
    </file>
  </project>
</coverage>
