{"C:\\Users\\usapate\\Documents\\Documents\\Bewaak\\TOTAL PROJECT\\bewaak-fe\\src\\services\\LmsService.js": {"path":"C:\\Users\\usapate\\Documents\\Documents\\Bewaak\\TOTAL PROJECT\\bewaak-fe\\src\\services\\LmsService.js","statementMap":{"0":{"start":{"line":7,"column":8},"end":{"line":7,"column":33}},"1":{"start":{"line":8,"column":8},"end":{"line":8,"column":73}},"2":{"start":{"line":12,"column":8},"end":{"line":12,"column":68}},"3":{"start":{"line":15,"column":8},"end":{"line":15,"column":65}},"4":{"start":{"line":19,"column":8},"end":{"line":19,"column":85}},"5":{"start":{"line":22,"column":8},"end":{"line":22,"column":95}},"6":{"start":{"line":25,"column":8},"end":{"line":25,"column":92}},"7":{"start":{"line":28,"column":8},"end":{"line":28,"column":80}}},"fnMap":{"0":{"name":"(anonymous_0)","decl":{"start":{"line":6,"column":4},"end":{"line":6,"column":5}},"loc":{"start":{"line":6,"column":21},"end":{"line":9,"column":5}},"line":6},"1":{"name":"(anonymous_1)","decl":{"start":{"line":11,"column":4},"end":{"line":11,"column":5}},"loc":{"start":{"line":11,"column":22},"end":{"line":13,"column":5}},"line":11},"2":{"name":"(anonymous_2)","decl":{"start":{"line":14,"column":4},"end":{"line":14,"column":5}},"loc":{"start":{"line":14,"column":25},"end":{"line":16,"column":5}},"line":14},"3":{"name":"(anonymous_3)","decl":{"start":{"line":17,"column":4},"end":{"line":17,"column":5}},"loc":{"start":{"line":17,"column":24},"end":{"line":20,"column":5}},"line":17},"4":{"name":"(anonymous_4)","decl":{"start":{"line":21,"column":4},"end":{"line":21,"column":5}},"loc":{"start":{"line":21,"column":42},"end":{"line":23,"column":5}},"line":21},"5":{"name":"(anonymous_5)","decl":{"start":{"line":24,"column":4},"end":{"line":24,"column":5}},"loc":{"start":{"line":24,"column":38},"end":{"line":26,"column":5}},"line":24},"6":{"name":"(anonymous_6)","decl":{"start":{"line":27,"column":4},"end":{"line":27,"column":5}},"loc":{"start":{"line":27,"column":28},"end":{"line":29,"column":5}},"line":27}},"branchMap":{},"s":{"0":0,"1":0,"2":0,"3":5,"4":2,"5":0,"6":0,"7":0},"f":{"0":0,"1":0,"2":5,"3":2,"4":0,"5":0,"6":0},"b":{},"_coverageSchema":"1a1c01bbd47fc00a2c39e90264f33305004495a9","hash":"0e067e5d25d257fca747c01400c18ef000124485"}
}
